{"/Users/prayas.yadav/Desktop/vibe/backend/src/config/logger.js": {"path":"/Users/prayas.yadav/Desktop/vibe/backend/src/config/logger.js","all":false,"statementMap":{"0":{"start":{"line":1,"column":0},"end":{"line":1,"column":30}},"1":{"start":{"line":2,"column":0},"end":{"line":2,"column":0}},"2":{"start":{"line":3,"column":0},"end":{"line":3,"column":37}},"3":{"start":{"line":4,"column":0},"end":{"line":4,"column":41}},"4":{"start":{"line":5,"column":0},"end":{"line":5,"column":33}},"5":{"start":{"line":6,"column":0},"end":{"line":6,"column":31}},"6":{"start":{"line":7,"column":0},"end":{"line":7,"column":43}},"7":{"start":{"line":8,"column":0},"end":{"line":8,"column":25}},"8":{"start":{"line":9,"column":0},"end":{"line":9,"column":4}},"9":{"start":{"line":10,"column":0},"end":{"line":10,"column":43}},"10":{"start":{"line":11,"column":0},"end":{"line":11,"column":15}},"11":{"start":{"line":12,"column":0},"end":{"line":12,"column":80}},"12":{"start":{"line":13,"column":0},"end":{"line":13,"column":67}},"13":{"start":{"line":14,"column":0},"end":{"line":14,"column":4}},"14":{"start":{"line":15,"column":0},"end":{"line":15,"column":3}},"15":{"start":{"line":16,"column":0},"end":{"line":16,"column":44}},"16":{"start":{"line":17,"column":0},"end":{"line":17,"column":13}},"17":{"start":{"line":18,"column":0},"end":{"line":18,"column":36}},"18":{"start":{"line":19,"column":0},"end":{"line":19,"column":37}},"19":{"start":{"line":20,"column":0},"end":{"line":20,"column":34}},"20":{"start":{"line":21,"column":0},"end":{"line":21,"column":31}},"21":{"start":{"line":22,"column":0},"end":{"line":22,"column":8}},"22":{"start":{"line":23,"column":0},"end":{"line":23,"column":6}},"23":{"start":{"line":24,"column":0},"end":{"line":24,"column":4}},"24":{"start":{"line":25,"column":0},"end":{"line":25,"column":1}},"25":{"start":{"line":26,"column":0},"end":{"line":26,"column":0}},"26":{"start":{"line":27,"column":0},"end":{"line":27,"column":22}}},"s":{"0":1,"1":1,"2":1,"3":1,"4":1,"5":1,"6":1,"7":1,"8":1,"9":1,"10":1,"11":1,"12":1,"13":1,"14":1,"15":1,"16":1,"17":1,"18":1,"19":1,"20":1,"21":1,"22":1,"23":1,"24":1,"25":1,"26":1},"branchMap":{},"b":{},"fnMap":{},"f":{}}
,"/Users/prayas.yadav/Desktop/vibe/backend/src/services/pdf.service.js": {"path":"/Users/prayas.yadav/Desktop/vibe/backend/src/services/pdf.service.js","all":false,"statementMap":{"0":{"start":{"line":1,"column":0},"end":{"line":1,"column":39}},"1":{"start":{"line":2,"column":0},"end":{"line":2,"column":47}},"2":{"start":{"line":3,"column":0},"end":{"line":3,"column":38}},"3":{"start":{"line":4,"column":0},"end":{"line":4,"column":0}},"4":{"start":{"line":5,"column":0},"end":{"line":5,"column":60}},"5":{"start":{"line":6,"column":0},"end":{"line":6,"column":41}},"6":{"start":{"line":7,"column":0},"end":{"line":7,"column":0}},"7":{"start":{"line":8,"column":0},"end":{"line":8,"column":25}},"8":{"start":{"line":9,"column":0},"end":{"line":9,"column":5}},"9":{"start":{"line":10,"column":0},"end":{"line":10,"column":84}},"10":{"start":{"line":11,"column":0},"end":{"line":11,"column":5}},"11":{"start":{"line":12,"column":0},"end":{"line":12,"column":35}},"12":{"start":{"line":13,"column":0},"end":{"line":13,"column":40}},"13":{"start":{"line":14,"column":0},"end":{"line":14,"column":27}},"14":{"start":{"line":15,"column":0},"end":{"line":15,"column":3}},"15":{"start":{"line":16,"column":0},"end":{"line":16,"column":0}},"16":{"start":{"line":17,"column":0},"end":{"line":17,"column":30}},"17":{"start":{"line":18,"column":0},"end":{"line":18,"column":15}},"18":{"start":{"line":19,"column":0},"end":{"line":19,"column":88}},"19":{"start":{"line":20,"column":0},"end":{"line":20,"column":35}},"20":{"start":{"line":21,"column":0},"end":{"line":21,"column":61}},"21":{"start":{"line":22,"column":0},"end":{"line":22,"column":44}},"22":{"start":{"line":23,"column":0},"end":{"line":23,"column":14}},"23":{"start":{"line":24,"column":0},"end":{"line":24,"column":3}},"24":{"start":{"line":25,"column":0},"end":{"line":25,"column":0}},"25":{"start":{"line":26,"column":0},"end":{"line":26,"column":47}},"26":{"start":{"line":27,"column":0},"end":{"line":27,"column":37}},"27":{"start":{"line":28,"column":0},"end":{"line":28,"column":48}},"28":{"start":{"line":29,"column":0},"end":{"line":29,"column":4}},"29":{"start":{"line":30,"column":0},"end":{"line":30,"column":40}},"30":{"start":{"line":31,"column":0},"end":{"line":31,"column":61}},"31":{"start":{"line":32,"column":0},"end":{"line":32,"column":22}},"32":{"start":{"line":33,"column":0},"end":{"line":33,"column":0}},"33":{"start":{"line":34,"column":0},"end":{"line":34,"column":33}},"34":{"start":{"line":35,"column":0},"end":{"line":35,"column":47}},"35":{"start":{"line":36,"column":0},"end":{"line":36,"column":4}},"36":{"start":{"line":37,"column":0},"end":{"line":37,"column":59}},"37":{"start":{"line":38,"column":0},"end":{"line":38,"column":46}},"38":{"start":{"line":39,"column":0},"end":{"line":39,"column":54}},"39":{"start":{"line":40,"column":0},"end":{"line":40,"column":56}},"40":{"start":{"line":41,"column":0},"end":{"line":41,"column":42}},"41":{"start":{"line":42,"column":0},"end":{"line":42,"column":0}},"42":{"start":{"line":43,"column":0},"end":{"line":43,"column":81}},"43":{"start":{"line":44,"column":0},"end":{"line":44,"column":6}},"44":{"start":{"line":45,"column":0},"end":{"line":45,"column":28}},"45":{"start":{"line":46,"column":0},"end":{"line":46,"column":29}},"46":{"start":{"line":47,"column":0},"end":{"line":47,"column":0}},"47":{"start":{"line":48,"column":0},"end":{"line":48,"column":29}},"48":{"start":{"line":49,"column":0},"end":{"line":49,"column":78}},"49":{"start":{"line":50,"column":0},"end":{"line":50,"column":36}},"50":{"start":{"line":51,"column":0},"end":{"line":51,"column":36}},"51":{"start":{"line":52,"column":0},"end":{"line":52,"column":27}},"52":{"start":{"line":53,"column":0},"end":{"line":53,"column":48}},"53":{"start":{"line":54,"column":0},"end":{"line":54,"column":16}},"54":{"start":{"line":55,"column":0},"end":{"line":55,"column":49}},"55":{"start":{"line":56,"column":0},"end":{"line":56,"column":9}},"56":{"start":{"line":57,"column":0},"end":{"line":57,"column":9}},"57":{"start":{"line":58,"column":0},"end":{"line":58,"column":0}},"58":{"start":{"line":59,"column":0},"end":{"line":59,"column":82}},"59":{"start":{"line":60,"column":0},"end":{"line":60,"column":43}},"60":{"start":{"line":61,"column":0},"end":{"line":61,"column":44}},"61":{"start":{"line":62,"column":0},"end":{"line":62,"column":0}},"62":{"start":{"line":63,"column":0},"end":{"line":63,"column":39}},"63":{"start":{"line":64,"column":0},"end":{"line":64,"column":45}},"64":{"start":{"line":65,"column":0},"end":{"line":65,"column":21}},"65":{"start":{"line":66,"column":0},"end":{"line":66,"column":34}},"66":{"start":{"line":67,"column":0},"end":{"line":67,"column":34}},"67":{"start":{"line":68,"column":0},"end":{"line":68,"column":46}},"68":{"start":{"line":69,"column":0},"end":{"line":69,"column":24}},"69":{"start":{"line":70,"column":0},"end":{"line":70,"column":18}},"70":{"start":{"line":71,"column":0},"end":{"line":71,"column":23}},"71":{"start":{"line":72,"column":0},"end":{"line":72,"column":11}},"72":{"start":{"line":73,"column":0},"end":{"line":73,"column":26}},"73":{"start":{"line":74,"column":0},"end":{"line":74,"column":25}},"74":{"start":{"line":75,"column":0},"end":{"line":75,"column":11}},"75":{"start":{"line":76,"column":0},"end":{"line":76,"column":26}},"76":{"start":{"line":77,"column":0},"end":{"line":77,"column":8}},"77":{"start":{"line":78,"column":0},"end":{"line":78,"column":0}},"78":{"start":{"line":79,"column":0},"end":{"line":79,"column":83}},"79":{"start":{"line":80,"column":0},"end":{"line":80,"column":5}},"80":{"start":{"line":81,"column":0},"end":{"line":81,"column":0}},"81":{"start":{"line":82,"column":0},"end":{"line":82,"column":20}},"82":{"start":{"line":83,"column":0},"end":{"line":83,"column":3}},"83":{"start":{"line":84,"column":0},"end":{"line":84,"column":0}},"84":{"start":{"line":85,"column":0},"end":{"line":85,"column":43}},"85":{"start":{"line":86,"column":0},"end":{"line":86,"column":48}},"86":{"start":{"line":87,"column":0},"end":{"line":87,"column":4}},"87":{"start":{"line":88,"column":0},"end":{"line":88,"column":70}},"88":{"start":{"line":89,"column":0},"end":{"line":89,"column":103}},"89":{"start":{"line":90,"column":0},"end":{"line":90,"column":176}},"90":{"start":{"line":91,"column":0},"end":{"line":91,"column":4}},"91":{"start":{"line":92,"column":0},"end":{"line":92,"column":48}},"92":{"start":{"line":93,"column":0},"end":{"line":93,"column":22}},"93":{"start":{"line":94,"column":0},"end":{"line":94,"column":28}},"94":{"start":{"line":95,"column":0},"end":{"line":95,"column":0}},"95":{"start":{"line":96,"column":0},"end":{"line":96,"column":53}},"96":{"start":{"line":97,"column":0},"end":{"line":97,"column":33}},"97":{"start":{"line":98,"column":0},"end":{"line":98,"column":52}},"98":{"start":{"line":99,"column":0},"end":{"line":99,"column":35}},"99":{"start":{"line":100,"column":0},"end":{"line":100,"column":55}},"100":{"start":{"line":101,"column":0},"end":{"line":101,"column":7}},"101":{"start":{"line":102,"column":0},"end":{"line":102,"column":12}},"102":{"start":{"line":103,"column":0},"end":{"line":103,"column":87}},"103":{"start":{"line":104,"column":0},"end":{"line":104,"column":57}},"104":{"start":{"line":105,"column":0},"end":{"line":105,"column":60}},"105":{"start":{"line":106,"column":0},"end":{"line":106,"column":6}},"106":{"start":{"line":107,"column":0},"end":{"line":107,"column":46}},"107":{"start":{"line":108,"column":0},"end":{"line":108,"column":51}},"108":{"start":{"line":109,"column":0},"end":{"line":109,"column":28}},"109":{"start":{"line":110,"column":0},"end":{"line":110,"column":14}},"110":{"start":{"line":111,"column":0},"end":{"line":111,"column":66}},"111":{"start":{"line":112,"column":0},"end":{"line":112,"column":64}},"112":{"start":{"line":113,"column":0},"end":{"line":113,"column":28}},"113":{"start":{"line":114,"column":0},"end":{"line":114,"column":7}},"114":{"start":{"line":115,"column":0},"end":{"line":115,"column":5}},"115":{"start":{"line":116,"column":0},"end":{"line":116,"column":0}},"116":{"start":{"line":117,"column":0},"end":{"line":117,"column":32}},"117":{"start":{"line":118,"column":0},"end":{"line":118,"column":29}},"118":{"start":{"line":119,"column":0},"end":{"line":119,"column":5}},"119":{"start":{"line":120,"column":0},"end":{"line":120,"column":0}},"120":{"start":{"line":121,"column":0},"end":{"line":121,"column":32}},"121":{"start":{"line":122,"column":0},"end":{"line":122,"column":3}},"122":{"start":{"line":123,"column":0},"end":{"line":123,"column":0}},"123":{"start":{"line":124,"column":0},"end":{"line":124,"column":5}},"124":{"start":{"line":125,"column":0},"end":{"line":125,"column":67}},"125":{"start":{"line":126,"column":0},"end":{"line":126,"column":80}},"126":{"start":{"line":127,"column":0},"end":{"line":127,"column":55}},"127":{"start":{"line":128,"column":0},"end":{"line":128,"column":5}},"128":{"start":{"line":129,"column":0},"end":{"line":129,"column":40}},"129":{"start":{"line":130,"column":0},"end":{"line":130,"column":22}},"130":{"start":{"line":131,"column":0},"end":{"line":131,"column":23}},"131":{"start":{"line":132,"column":0},"end":{"line":132,"column":0}},"132":{"start":{"line":133,"column":0},"end":{"line":133,"column":9}},"133":{"start":{"line":134,"column":0},"end":{"line":134,"column":48}},"134":{"start":{"line":135,"column":0},"end":{"line":135,"column":58}},"135":{"start":{"line":136,"column":0},"end":{"line":136,"column":21}},"136":{"start":{"line":137,"column":0},"end":{"line":137,"column":51}},"137":{"start":{"line":138,"column":0},"end":{"line":138,"column":5}},"138":{"start":{"line":139,"column":0},"end":{"line":139,"column":0}},"139":{"start":{"line":140,"column":0},"end":{"line":140,"column":60}},"140":{"start":{"line":141,"column":0},"end":{"line":141,"column":25}},"141":{"start":{"line":142,"column":0},"end":{"line":142,"column":58}},"142":{"start":{"line":143,"column":0},"end":{"line":143,"column":84}},"143":{"start":{"line":144,"column":0},"end":{"line":144,"column":58}},"144":{"start":{"line":145,"column":0},"end":{"line":145,"column":96}},"145":{"start":{"line":146,"column":0},"end":{"line":146,"column":0}},"146":{"start":{"line":147,"column":0},"end":{"line":147,"column":30}},"147":{"start":{"line":148,"column":0},"end":{"line":148,"column":11}},"148":{"start":{"line":149,"column":0},"end":{"line":149,"column":39}},"149":{"start":{"line":150,"column":0},"end":{"line":150,"column":69}},"150":{"start":{"line":151,"column":0},"end":{"line":151,"column":50}},"151":{"start":{"line":152,"column":0},"end":{"line":152,"column":78}},"152":{"start":{"line":153,"column":0},"end":{"line":153,"column":0}},"153":{"start":{"line":154,"column":0},"end":{"line":154,"column":73}},"154":{"start":{"line":155,"column":0},"end":{"line":155,"column":8}},"155":{"start":{"line":156,"column":0},"end":{"line":156,"column":75}},"156":{"start":{"line":157,"column":0},"end":{"line":157,"column":65}},"157":{"start":{"line":158,"column":0},"end":{"line":158,"column":77}},"158":{"start":{"line":159,"column":0},"end":{"line":159,"column":9}},"159":{"start":{"line":160,"column":0},"end":{"line":160,"column":8}},"160":{"start":{"line":161,"column":0},"end":{"line":161,"column":84}},"161":{"start":{"line":162,"column":0},"end":{"line":162,"column":38}},"162":{"start":{"line":163,"column":0},"end":{"line":163,"column":86}},"163":{"start":{"line":164,"column":0},"end":{"line":164,"column":9}},"164":{"start":{"line":165,"column":0},"end":{"line":165,"column":23}},"165":{"start":{"line":166,"column":0},"end":{"line":166,"column":61}},"166":{"start":{"line":167,"column":0},"end":{"line":167,"column":7}},"167":{"start":{"line":168,"column":0},"end":{"line":168,"column":5}},"168":{"start":{"line":169,"column":0},"end":{"line":169,"column":0}},"169":{"start":{"line":170,"column":0},"end":{"line":170,"column":18}},"170":{"start":{"line":171,"column":0},"end":{"line":171,"column":97}},"171":{"start":{"line":172,"column":0},"end":{"line":172,"column":5}},"172":{"start":{"line":173,"column":0},"end":{"line":173,"column":0}},"173":{"start":{"line":174,"column":0},"end":{"line":174,"column":18}},"174":{"start":{"line":175,"column":0},"end":{"line":175,"column":3}},"175":{"start":{"line":176,"column":0},"end":{"line":176,"column":1}}},"s":{"0":1,"1":1,"2":1,"3":1,"4":1,"5":1,"6":1,"7":1,"8":1,"9":1,"10":1,"11":1,"12":0,"13":0,"14":0,"15":1,"16":1,"17":8,"18":8,"19":8,"20":8,"21":8,"22":8,"23":8,"24":1,"25":1,"26":2,"27":2,"28":2,"29":2,"30":2,"31":2,"32":2,"33":2,"34":2,"35":2,"36":2,"37":2,"38":2,"39":2,"40":2,"41":2,"42":2,"43":2,"44":2,"45":2,"46":2,"47":2,"48":3,"49":3,"50":3,"51":3,"52":3,"53":3,"54":0,"55":0,"56":2,"57":2,"58":2,"59":2,"60":2,"61":2,"62":2,"63":4,"64":1,"65":1,"66":1,"67":3,"68":2,"69":3,"70":1,"71":1,"72":3,"73":3,"74":1,"75":1,"76":2,"77":2,"78":2,"79":2,"80":2,"81":2,"82":2,"83":1,"84":1,"85":8,"86":8,"87":8,"88":8,"89":8,"90":8,"91":8,"92":8,"93":8,"94":8,"95":8,"96":5,"97":5,"98":5,"99":0,"100":0,"101":8,"102":3,"103":3,"104":3,"105":3,"106":3,"107":0,"108":0,"109":3,"110":3,"111":3,"112":3,"113":3,"114":3,"115":8,"116":8,"117":3,"118":3,"119":5,"120":5,"121":5,"122":1,"123":1,"124":1,"125":1,"126":1,"127":1,"128":1,"129":6,"130":6,"131":6,"132":6,"133":6,"134":6,"135":6,"136":0,"137":6,"138":6,"139":6,"140":6,"141":6,"142":6,"143":6,"144":6,"145":6,"146":6,"147":2,"148":2,"149":2,"150":2,"151":2,"152":2,"153":2,"154":2,"155":2,"156":2,"157":1,"158":1,"159":1,"160":1,"161":2,"162":0,"163":0,"164":2,"165":0,"166":2,"167":2,"168":5,"169":6,"170":1,"171":1,"172":4,"173":4,"174":4,"175":1},"branchMap":{"0":{"type":"branch","line":17,"loc":{"start":{"line":17,"column":9},"end":{"line":24,"column":3}},"locations":[{"start":{"line":17,"column":9},"end":{"line":24,"column":3}}]},"1":{"type":"branch","line":26,"loc":{"start":{"line":26,"column":2},"end":{"line":83,"column":3}},"locations":[{"start":{"line":26,"column":2},"end":{"line":83,"column":3}}]},"2":{"type":"branch","line":43,"loc":{"start":{"line":43,"column":45},"end":{"line":43,"column":79}},"locations":[{"start":{"line":43,"column":45},"end":{"line":43,"column":79}}]},"3":{"type":"branch","line":48,"loc":{"start":{"line":48,"column":20},"end":{"line":57,"column":7}},"locations":[{"start":{"line":48,"column":20},"end":{"line":57,"column":7}}]},"4":{"type":"branch","line":54,"loc":{"start":{"line":54,"column":9},"end":{"line":56,"column":9}},"locations":[{"start":{"line":54,"column":9},"end":{"line":56,"column":9}}]},"5":{"type":"branch","line":60,"loc":{"start":{"line":60,"column":22},"end":{"line":60,"column":41}},"locations":[{"start":{"line":60,"column":22},"end":{"line":60,"column":41}}]},"6":{"type":"branch","line":63,"loc":{"start":{"line":63,"column":25},"end":{"line":77,"column":7}},"locations":[{"start":{"line":63,"column":25},"end":{"line":77,"column":7}}]},"7":{"type":"branch","line":64,"loc":{"start":{"line":64,"column":35},"end":{"line":64,"column":45}},"locations":[{"start":{"line":64,"column":35},"end":{"line":64,"column":45}}]},"8":{"type":"branch","line":64,"loc":{"start":{"line":64,"column":44},"end":{"line":77,"column":7}},"locations":[{"start":{"line":64,"column":44},"end":{"line":77,"column":7}}]},"9":{"type":"branch","line":67,"loc":{"start":{"line":67,"column":25},"end":{"line":75,"column":9}},"locations":[{"start":{"line":67,"column":25},"end":{"line":75,"column":9}}]},"10":{"type":"branch","line":68,"loc":{"start":{"line":68,"column":45},"end":{"line":70,"column":11}},"locations":[{"start":{"line":68,"column":45},"end":{"line":70,"column":11}}]},"11":{"type":"branch","line":70,"loc":{"start":{"line":70,"column":11},"end":{"line":72,"column":11}},"locations":[{"start":{"line":70,"column":11},"end":{"line":72,"column":11}}]},"12":{"type":"branch","line":85,"loc":{"start":{"line":85,"column":9},"end":{"line":122,"column":3}},"locations":[{"start":{"line":85,"column":9},"end":{"line":122,"column":3}}]},"13":{"type":"branch","line":96,"loc":{"start":{"line":96,"column":13},"end":{"line":96,"column":25}},"locations":[{"start":{"line":96,"column":13},"end":{"line":96,"column":25}}]},"14":{"type":"branch","line":96,"loc":{"start":{"line":96,"column":25},"end":{"line":96,"column":50}},"locations":[{"start":{"line":96,"column":25},"end":{"line":96,"column":50}}]},"15":{"type":"branch","line":96,"loc":{"start":{"line":96,"column":52},"end":{"line":102,"column":5}},"locations":[{"start":{"line":96,"column":52},"end":{"line":102,"column":5}}]},"16":{"type":"branch","line":99,"loc":{"start":{"line":99,"column":34},"end":{"line":101,"column":7}},"locations":[{"start":{"line":99,"column":34},"end":{"line":101,"column":7}}]},"17":{"type":"branch","line":102,"loc":{"start":{"line":102,"column":5},"end":{"line":115,"column":5}},"locations":[{"start":{"line":102,"column":5},"end":{"line":115,"column":5}}]},"18":{"type":"branch","line":107,"loc":{"start":{"line":107,"column":23},"end":{"line":107,"column":43}},"locations":[{"start":{"line":107,"column":23},"end":{"line":107,"column":43}}]},"19":{"type":"branch","line":107,"loc":{"start":{"line":107,"column":45},"end":{"line":110,"column":7}},"locations":[{"start":{"line":107,"column":45},"end":{"line":110,"column":7}}]},"20":{"type":"branch","line":117,"loc":{"start":{"line":117,"column":31},"end":{"line":119,"column":5}},"locations":[{"start":{"line":117,"column":31},"end":{"line":119,"column":5}}]},"21":{"type":"branch","line":119,"loc":{"start":{"line":119,"column":4},"end":{"line":122,"column":3}},"locations":[{"start":{"line":119,"column":4},"end":{"line":122,"column":3}}]},"22":{"type":"branch","line":129,"loc":{"start":{"line":129,"column":2},"end":{"line":175,"column":3}},"locations":[{"start":{"line":129,"column":2},"end":{"line":175,"column":3}}]},"23":{"type":"branch","line":136,"loc":{"start":{"line":136,"column":6},"end":{"line":137,"column":51}},"locations":[{"start":{"line":136,"column":6},"end":{"line":137,"column":51}}]},"24":{"type":"branch","line":145,"loc":{"start":{"line":145,"column":39},"end":{"line":145,"column":95}},"locations":[{"start":{"line":145,"column":39},"end":{"line":145,"column":95}}]},"25":{"type":"branch","line":145,"loc":{"start":{"line":145,"column":62},"end":{"line":145,"column":95}},"locations":[{"start":{"line":145,"column":62},"end":{"line":145,"column":95}}]},"26":{"type":"branch","line":147,"loc":{"start":{"line":147,"column":29},"end":{"line":168,"column":5}},"locations":[{"start":{"line":147,"column":29},"end":{"line":168,"column":5}}]},"27":{"type":"branch","line":157,"loc":{"start":{"line":157,"column":24},"end":{"line":157,"column":62}},"locations":[{"start":{"line":157,"column":24},"end":{"line":157,"column":62}}]},"28":{"type":"branch","line":157,"loc":{"start":{"line":157,"column":64},"end":{"line":162,"column":35}},"locations":[{"start":{"line":157,"column":64},"end":{"line":162,"column":35}}]},"29":{"type":"branch","line":162,"loc":{"start":{"line":162,"column":37},"end":{"line":164,"column":9}},"locations":[{"start":{"line":162,"column":37},"end":{"line":164,"column":9}}]},"30":{"type":"branch","line":165,"loc":{"start":{"line":165,"column":8},"end":{"line":166,"column":61}},"locations":[{"start":{"line":165,"column":8},"end":{"line":166,"column":61}}]},"31":{"type":"branch","line":168,"loc":{"start":{"line":168,"column":4},"end":{"line":170,"column":17}},"locations":[{"start":{"line":168,"column":4},"end":{"line":170,"column":17}}]},"32":{"type":"branch","line":170,"loc":{"start":{"line":170,"column":17},"end":{"line":172,"column":5}},"locations":[{"start":{"line":170,"column":17},"end":{"line":172,"column":5}}]},"33":{"type":"branch","line":172,"loc":{"start":{"line":172,"column":4},"end":{"line":175,"column":3}},"locations":[{"start":{"line":172,"column":4},"end":{"line":175,"column":3}}]}},"b":{"0":[8],"1":[2],"2":[3],"3":[3],"4":[0],"5":[2],"6":[4],"7":[3],"8":[1],"9":[3],"10":[2],"11":[1],"12":[8],"13":[5],"14":[5],"15":[5],"16":[0],"17":[3],"18":[0],"19":[0],"20":[3],"21":[5],"22":[6],"23":[0],"24":[4],"25":[0],"26":[2],"27":[1],"28":[1],"29":[0],"30":[0],"31":[5],"32":[1],"33":[4]},"fnMap":{"0":{"name":"basicParse","decl":{"start":{"line":12,"column":2},"end":{"line":15,"column":3}},"loc":{"start":{"line":12,"column":2},"end":{"line":15,"column":3}},"line":12},"1":{"name":"normalizeText","decl":{"start":{"line":17,"column":9},"end":{"line":24,"column":3}},"loc":{"start":{"line":17,"column":9},"end":{"line":24,"column":3}},"line":17},"2":{"name":"extractTextLayoutAware","decl":{"start":{"line":26,"column":2},"end":{"line":83,"column":3}},"loc":{"start":{"line":26,"column":2},"end":{"line":83,"column":3}},"line":26},"3":{"name":"joinItems","decl":{"start":{"line":63,"column":25},"end":{"line":77,"column":7}},"loc":{"start":{"line":63,"column":25},"end":{"line":77,"column":7}},"line":63},"4":{"name":"tryExtractAbstractFromText","decl":{"start":{"line":85,"column":9},"end":{"line":122,"column":3}},"loc":{"start":{"line":85,"column":9},"end":{"line":122,"column":3}},"line":85},"5":{"name":"extractAbstract","decl":{"start":{"line":129,"column":2},"end":{"line":175,"column":3}},"loc":{"start":{"line":129,"column":2},"end":{"line":175,"column":3}},"line":129}},"f":{"0":0,"1":8,"2":2,"3":4,"4":8,"5":6}}
}
