TN:
SF:src/config/logger.js
FNF:0
FNH:0
DA:1,1
DA:2,1
DA:3,1
DA:4,1
DA:5,1
DA:6,1
DA:7,1
DA:8,1
DA:9,1
DA:10,1
DA:11,1
DA:12,1
DA:13,1
DA:14,1
DA:15,1
DA:16,1
DA:17,1
DA:18,1
DA:19,1
DA:20,1
DA:21,1
DA:22,1
DA:23,1
DA:24,1
DA:25,1
DA:26,1
DA:27,1
LF:27
LH:27
BRF:0
BRH:0
end_of_record
TN:
SF:src/services/pdf.service.js
FN:12,basicParse
FN:17,normalizeText
FN:26,extractTextLayoutAware
FN:63,joinItems
FN:85,tryExtractAbstractFromText
FN:129,extractAbstract
FNF:6
FNH:5
FNDA:0,basicParse
FNDA:8,normalizeText
FNDA:2,extractTextLayoutAware
FNDA:4,joinItems
FNDA:8,tryExtractAbstractFromText
FNDA:6,extractAbstract
DA:1,1
DA:2,1
DA:3,1
DA:4,1
DA:5,1
DA:6,1
DA:7,1
DA:8,1
DA:9,1
DA:10,1
DA:11,1
DA:12,1
DA:13,0
DA:14,0
DA:15,0
DA:16,1
DA:17,1
DA:18,8
DA:19,8
DA:20,8
DA:21,8
DA:22,8
DA:23,8
DA:24,8
DA:25,1
DA:26,1
DA:27,2
DA:28,2
DA:29,2
DA:30,2
DA:31,2
DA:32,2
DA:33,2
DA:34,2
DA:35,2
DA:36,2
DA:37,2
DA:38,2
DA:39,2
DA:40,2
DA:41,2
DA:42,2
DA:43,2
DA:44,2
DA:45,2
DA:46,2
DA:47,2
DA:48,2
DA:49,3
DA:50,3
DA:51,3
DA:52,3
DA:53,3
DA:54,3
DA:55,0
DA:56,0
DA:57,2
DA:58,2
DA:59,2
DA:60,2
DA:61,2
DA:62,2
DA:63,2
DA:64,4
DA:65,1
DA:66,1
DA:67,1
DA:68,3
DA:69,2
DA:70,3
DA:71,1
DA:72,1
DA:73,3
DA:74,3
DA:75,1
DA:76,1
DA:77,2
DA:78,2
DA:79,2
DA:80,2
DA:81,2
DA:82,2
DA:83,2
DA:84,1
DA:85,1
DA:86,8
DA:87,8
DA:88,8
DA:89,8
DA:90,8
DA:91,8
DA:92,8
DA:93,8
DA:94,8
DA:95,8
DA:96,8
DA:97,5
DA:98,5
DA:99,5
DA:100,0
DA:101,0
DA:102,8
DA:103,3
DA:104,3
DA:105,3
DA:106,3
DA:107,3
DA:108,0
DA:109,0
DA:110,3
DA:111,3
DA:112,3
DA:113,3
DA:114,3
DA:115,3
DA:116,8
DA:117,8
DA:118,3
DA:119,3
DA:120,5
DA:121,5
DA:122,5
DA:123,1
DA:124,1
DA:125,1
DA:126,1
DA:127,1
DA:128,1
DA:129,1
DA:130,6
DA:131,6
DA:132,6
DA:133,6
DA:134,6
DA:135,6
DA:136,6
DA:137,0
DA:138,6
DA:139,6
DA:140,6
DA:141,6
DA:142,6
DA:143,6
DA:144,6
DA:145,6
DA:146,6
DA:147,6
DA:148,2
DA:149,2
DA:150,2
DA:151,2
DA:152,2
DA:153,2
DA:154,2
DA:155,2
DA:156,2
DA:157,2
DA:158,1
DA:159,1
DA:160,1
DA:161,1
DA:162,2
DA:163,0
DA:164,0
DA:165,2
DA:166,0
DA:167,2
DA:168,2
DA:169,5
DA:170,6
DA:171,1
DA:172,1
DA:173,4
DA:174,4
DA:175,4
DA:176,1
LF:176
LH:163
BRDA:17,0,0,8
BRDA:26,1,0,2
BRDA:43,2,0,3
BRDA:48,3,0,3
BRDA:54,4,0,0
BRDA:60,5,0,2
BRDA:63,6,0,4
BRDA:64,7,0,3
BRDA:64,8,0,1
BRDA:67,9,0,3
BRDA:68,10,0,2
BRDA:70,11,0,1
BRDA:85,12,0,8
BRDA:96,13,0,5
BRDA:96,14,0,5
BRDA:96,15,0,5
BRDA:99,16,0,0
BRDA:102,17,0,3
BRDA:107,18,0,0
BRDA:107,19,0,0
BRDA:117,20,0,3
BRDA:119,21,0,5
BRDA:129,22,0,6
BRDA:136,23,0,0
BRDA:145,24,0,4
BRDA:145,25,0,0
BRDA:147,26,0,2
BRDA:157,27,0,1
BRDA:157,28,0,1
BRDA:162,29,0,0
BRDA:165,30,0,0
BRDA:168,31,0,5
BRDA:170,32,0,1
BRDA:172,33,0,4
BRF:34
BRH:26
end_of_record
